<?xml version="1.0" encoding="UTF-8"?>
<robot generator="Robot 6.0.2 (Python 3.11.2 on win32)" generated="20230612 21:57:41.227" rpa="false" schemaversion="3">
<suite id="s1" name="Casosdetestes" source="C:\Users\tiago\Documents\tads\DS 252 - Engenharia de Software II\trabalhoCasosDeTeste\casosdetestes.robot">
<test id="s1-t1" name="CT01: Verificar abertura da página" line="9">
<kw name="Abrir browser" library="resources" type="SETUP">
<kw name="Open Browser" library="SeleniumLibrary">
<arg>browser=chrome</arg>
<doc>Opens a new browser instance to the optional ``url``.</doc>
<msg timestamp="20230612 21:57:41.447" level="INFO">Opening browser 'chrome' to base url 'None'.</msg>
<status status="PASS" starttime="20230612 21:57:41.447" endtime="20230612 21:57:42.962"/>
</kw>
<kw name="Maximize Browser Window" library="SeleniumLibrary">
<doc>Maximizes current browser window.</doc>
<status status="PASS" starttime="20230612 21:57:42.962" endtime="20230612 21:57:43.091"/>
</kw>
<status status="PASS" starttime="20230612 21:57:41.447" endtime="20230612 21:57:43.091"/>
</kw>
<kw name="Acessar Shopee &quot;https://shopee.com.br/&quot;" library="resources" sourcename="Acessar Shopee &quot;${URL}&quot;">
<kw name="Go To" library="SeleniumLibrary">
<arg>${URL}</arg>
<doc>Navigates the current browser window to the provided ``url``.</doc>
<msg timestamp="20230612 21:57:43.091" level="INFO">Opening url 'https://shopee.com.br/'</msg>
<status status="PASS" starttime="20230612 21:57:43.091" endtime="20230612 21:57:45.342"/>
</kw>
<kw name="Wait Until Element Is Visible" library="SeleniumLibrary">
<arg>${TEXTO_PAG_INICIAL}</arg>
<doc>Waits until the element ``locator`` is visible.</doc>
<status status="PASS" starttime="20230612 21:57:45.342" endtime="20230612 21:57:46.309"/>
</kw>
<status status="PASS" starttime="20230612 21:57:43.091" endtime="20230612 21:57:46.324"/>
</kw>
<kw name="Verificar se a página abre" library="resources">
<kw name="Element Should Be Visible" library="SeleniumLibrary">
<arg>locator=//a[@class='cart-drawer flex v-center'][contains(@id,'id')]</arg>
<doc>Verifies that the element identified by ``locator`` is visible.</doc>
<msg timestamp="20230612 21:57:46.617" level="INFO">Element '//a[@class='cart-drawer flex v-center'][contains(@id,'id')]' is displayed.</msg>
<status status="PASS" starttime="20230612 21:57:46.324" endtime="20230612 21:57:46.617"/>
</kw>
<status status="PASS" starttime="20230612 21:57:46.324" endtime="20230612 21:57:46.617"/>
</kw>
<kw name="Fechar browser" library="resources" type="TEARDOWN">
<kw name="Capture Page Screenshot" library="SeleniumLibrary">
<doc>Takes a screenshot of the current page and embeds it into a log file.</doc>
<msg timestamp="20230612 21:57:47.072" level="INFO" html="true">&lt;/td&gt;&lt;/tr&gt;&lt;tr&gt;&lt;td colspan="3"&gt;&lt;a href="selenium-screenshot-5.png"&gt;&lt;img src="selenium-screenshot-5.png" width="800px"&gt;&lt;/a&gt;</msg>
<status status="PASS" starttime="20230612 21:57:46.617" endtime="20230612 21:57:47.072"/>
</kw>
<kw name="Close Browser" library="SeleniumLibrary">
<doc>Closes the current browser.</doc>
<status status="PASS" starttime="20230612 21:57:47.072" endtime="20230612 21:57:49.278"/>
</kw>
<status status="PASS" starttime="20230612 21:57:46.617" endtime="20230612 21:57:49.278"/>
</kw>
<doc>Verifica se a página abre corretamente</doc>
<tag>abertura</tag>
<status status="PASS" starttime="20230612 21:57:41.447" endtime="20230612 21:57:49.278"/>
</test>
<doc>Casos de teste do trabalho final - Shopee</doc>
<status status="PASS" starttime="20230612 21:57:41.243" endtime="20230612 21:57:49.278"/>
</suite>
<statistics>
<total>
<stat pass="1" fail="0" skip="0">All Tests</stat>
</total>
<tag>
<stat pass="1" fail="0" skip="0">abertura</stat>
</tag>
<suite>
<stat pass="1" fail="0" skip="0" id="s1" name="Casosdetestes">Casosdetestes</stat>
</suite>
</statistics>
<errors>
</errors>
</robot>
